<?xml version="1.0" encoding="UTF-8"?>
<testsuite xmlns:xsi="http://www.w3.org/2001/XMLSchema-instance" xsi:noNamespaceSchemaLocation="https://maven.apache.org/surefire/maven-surefire-plugin/xsd/surefire-test-report.xsd" name="org.jitsi.jibri.util.TailLogicTest" time="0.025" tests="7" errors="0" skipped="0" failures="0">
  <properties>
    <property name="awt.toolkit" value="sun.awt.X11.XToolkit"/>
    <property name="file.encoding.pkg" value="sun.io"/>
    <property name="java.specification.version" value="1.8"/>
    <property name="sun.cpu.isalist" value=""/>
    <property name="sun.jnu.encoding" value="UTF-8"/>
    <property name="java.class.path" value="/root/jibri/target/test-classes:/root/jibri/target/classes:/root/.m2/repository/org/jitsi/jicoco-kotlin/1.1-38-g8d7369a/jicoco-kotlin-1.1-38-g8d7369a.jar:/root/.m2/repository/org/jetbrains/kotlin/kotlin-stdlib-jdk8/1.3.71/kotlin-stdlib-jdk8-1.3.71.jar:/root/.m2/repository/org/jitsi/jitsi-utils-kotlin/1.0-47-gdb30505/jitsi-utils-kotlin-1.0-47-gdb30505.jar:/root/.m2/repository/org/jitsi/jicoco/1.1-38-g8d7369a/jicoco-1.1-38-g8d7369a.jar:/root/.m2/repository/org/eclipse/jetty/jetty-proxy/9.4.15.v20190215/jetty-proxy-9.4.15.v20190215.jar:/root/.m2/repository/org/eclipse/jetty/jetty-servlet/9.4.15.v20190215/jetty-servlet-9.4.15.v20190215.jar:/root/.m2/repository/org/eclipse/jetty/jetty-security/9.4.15.v20190215/jetty-security-9.4.15.v20190215.jar:/root/.m2/repository/org/xeustechnologies/jcl-core/2.8/jcl-core-2.8.jar:/root/.m2/repository/cglib/cglib-nodep/2.2/cglib-nodep-2.2.jar:/root/.m2/repository/org/kamranzafar/commons/object-cloner/0.1/object-cloner-0.1.jar:/root/.m2/repository/org/igniterealtime/tinder/1.3.0/tinder-1.3.0.jar:/root/.m2/repository/dom4j/dom4j/1.6.1/dom4j-1.6.1.jar:/root/.m2/repository/xml-apis/xml-apis/1.0.b2/xml-apis-1.0.b2.jar:/root/.m2/repository/net/jcip/jcip-annotations/1.0/jcip-annotations-1.0.jar:/root/.m2/repository/org/gnu/inet/libidn/1.15/libidn-1.15.jar:/root/.m2/repository/com/googlecode/concurrentlinkedhashmap/concurrentlinkedhashmap-lru/1.0_jdk5/concurrentlinkedhashmap-lru-1.0_jdk5.jar:/root/.m2/repository/org/igniterealtime/whack/core/2.0.1/core-2.0.1.jar:/root/.m2/repository/xmlpull/xmlpull/1.1.3.4a/xmlpull-1.1.3.4a.jar:/root/.m2/repository/org/eclipse/jetty/jetty-webapp/7.0.1.v20091125/jetty-webapp-7.0.1.v20091125.jar:/root/.m2/repository/org/eclipse/jetty/jetty-xml/7.0.1.v20091125/jetty-xml-7.0.1.v20091125.jar:/root/.m2/repository/org/igniterealtime/smack/smack-tcp/4.2.4-47d17fc/smack-tcp-4.2.4-47d17fc.jar:/root/.m2/repository/org/glassfish/jersey/containers/jersey-container-jetty-http/2.30.1/jersey-container-jetty-http-2.30.1.jar:/root/.m2/repository/org/glassfish/hk2/external/jakarta.inject/2.6.1/jakarta.inject-2.6.1.jar:/root/.m2/repository/org/glassfish/jersey/core/jersey-common/2.30.1/jersey-common-2.30.1.jar:/root/.m2/repository/jakarta/annotation/jakarta.annotation-api/1.3.5/jakarta.annotation-api-1.3.5.jar:/root/.m2/repository/org/glassfish/hk2/osgi-resource-locator/1.0.3/osgi-resource-locator-1.0.3.jar:/root/.m2/repository/org/glassfish/jersey/core/jersey-server/2.30.1/jersey-server-2.30.1.jar:/root/.m2/repository/org/glassfish/jersey/core/jersey-client/2.30.1/jersey-client-2.30.1.jar:/root/.m2/repository/org/glassfish/jersey/media/jersey-media-jaxb/2.30.1/jersey-media-jaxb-2.30.1.jar:/root/.m2/repository/jakarta/validation/jakarta.validation-api/2.0.2/jakarta.validation-api-2.0.2.jar:/root/.m2/repository/jakarta/ws/rs/jakarta.ws.rs-api/2.1.6/jakarta.ws.rs-api-2.1.6.jar:/root/.m2/repository/org/glassfish/jersey/containers/jersey-container-servlet/2.30.1/jersey-container-servlet-2.30.1.jar:/root/.m2/repository/org/glassfish/jersey/containers/jersey-container-servlet-core/2.30.1/jersey-container-servlet-core-2.30.1.jar:/root/.m2/repository/org/glassfish/jersey/inject/jersey-hk2/2.30.1/jersey-hk2-2.30.1.jar:/root/.m2/repository/org/glassfish/hk2/hk2-locator/2.6.1/hk2-locator-2.6.1.jar:/root/.m2/repository/org/glassfish/hk2/external/aopalliance-repackaged/2.6.1/aopalliance-repackaged-2.6.1.jar:/root/.m2/repository/org/glassfish/hk2/hk2-api/2.6.1/hk2-api-2.6.1.jar:/root/.m2/repository/org/glassfish/hk2/hk2-utils/2.6.1/hk2-utils-2.6.1.jar:/root/.m2/repository/org/glassfish/jersey/media/jersey-media-json-jackson/2.30.1/jersey-media-json-jackson-2.30.1.jar:/root/.m2/repository/org/glassfish/jersey/ext/jersey-entity-filtering/2.30.1/jersey-entity-filtering-2.30.1.jar:/root/.m2/repository/org/javassist/javassist/3.22.0-CR2/javassist-3.22.0-CR2.jar:/root/.m2/repository/org/jitsi/jitsi-android-osgi/1.0-SNAPSHOT/jitsi-android-osgi-1.0-SNAPSHOT.jar:/root/.m2/repository/org/jitsi/jicoco-test-kotlin/1.1-38-g8d7369a/jicoco-test-kotlin-1.1-38-g8d7369a.jar:/root/.m2/repository/io/kotlintest/kotlintest-runner-junit5/3.4.2/kotlintest-runner-junit5-3.4.2.jar:/root/.m2/repository/io/kotlintest/kotlintest-core/3.4.2/kotlintest-core-3.4.2.jar:/root/.m2/repository/io/kotlintest/kotlintest-assertions/3.4.2/kotlintest-assertions-3.4.2.jar:/root/.m2/repository/io/arrow-kt/arrow-core-data/0.9.0/arrow-core-data-0.9.0.jar:/root/.m2/repository/io/arrow-kt/arrow-annotations/0.9.0/arrow-annotations-0.9.0.jar:/root/.m2/repository/io/kindedj/kindedj/1.1.0/kindedj-1.1.0.jar:/root/.m2/repository/io/kotlintest/kotlintest-runner-jvm/3.4.2/kotlintest-runner-jvm-3.4.2.jar:/root/.m2/repository/io/kotlintest/kotlintest-extensions/3.4.2/kotlintest-extensions-3.4.2.jar:/root/.m2/repository/io/arrow-kt/arrow-core-extensions/0.9.0/arrow-core-extensions-0.9.0.jar:/root/.m2/repository/io/arrow-kt/arrow-typeclasses/0.9.0/arrow-typeclasses-0.9.0.jar:/root/.m2/repository/io/kotlintest/kotlintest-runner-console/3.4.2/kotlintest-runner-console-3.4.2.jar:/root/.m2/repository/org/jitsi/jicoco-config/1.1-38-g8d7369a/jicoco-config-1.1-38-g8d7369a.jar:/root/.m2/repository/org/jetbrains/kotlin/kotlin-stdlib/1.3.71/kotlin-stdlib-1.3.71.jar:/root/.m2/repository/org/jetbrains/kotlin/kotlin-stdlib-common/1.3.71/kotlin-stdlib-common-1.3.71.jar:/root/.m2/repository/org/jetbrains/annotations/13.0/annotations-13.0.jar:/root/.m2/repository/org/jetbrains/kotlin/kotlin-reflect/1.3.71/kotlin-reflect-1.3.71.jar:/root/.m2/repository/org/seleniumhq/selenium/selenium-java/3.12.0/selenium-java-3.12.0.jar:/root/.m2/repository/org/seleniumhq/selenium/selenium-api/3.12.0/selenium-api-3.12.0.jar:/root/.m2/repository/org/seleniumhq/selenium/selenium-chrome-driver/3.12.0/selenium-chrome-driver-3.12.0.jar:/root/.m2/repository/org/seleniumhq/selenium/selenium-edge-driver/3.12.0/selenium-edge-driver-3.12.0.jar:/root/.m2/repository/org/seleniumhq/selenium/selenium-firefox-driver/3.12.0/selenium-firefox-driver-3.12.0.jar:/root/.m2/repository/org/seleniumhq/selenium/selenium-ie-driver/3.12.0/selenium-ie-driver-3.12.0.jar:/root/.m2/repository/org/seleniumhq/selenium/selenium-opera-driver/3.12.0/selenium-opera-driver-3.12.0.jar:/root/.m2/repository/org/seleniumhq/selenium/selenium-remote-driver/3.12.0/selenium-remote-driver-3.12.0.jar:/root/.m2/repository/org/seleniumhq/selenium/selenium-safari-driver/3.12.0/selenium-safari-driver-3.12.0.jar:/root/.m2/repository/org/apache/commons/commons-exec/1.3/commons-exec-1.3.jar:/root/.m2/repository/commons-logging/commons-logging/1.2/commons-logging-1.2.jar:/root/.m2/repository/com/google/code/gson/gson/2.8.2/gson-2.8.2.jar:/root/.m2/repository/com/google/guava/guava/23.6-jre/guava-23.6-jre.jar:/root/.m2/repository/com/google/code/findbugs/jsr305/1.3.9/jsr305-1.3.9.jar:/root/.m2/repository/org/checkerframework/checker-compat-qual/2.0.0/checker-compat-qual-2.0.0.jar:/root/.m2/repository/com/google/errorprone/error_prone_annotations/2.1.3/error_prone_annotations-2.1.3.jar:/root/.m2/repository/com/google/j2objc/j2objc-annotations/1.1/j2objc-annotations-1.1.jar:/root/.m2/repository/org/codehaus/mojo/animal-sniffer-annotations/1.14/animal-sniffer-annotations-1.14.jar:/root/.m2/repository/org/apache/httpcomponents/httpclient/4.5.3/httpclient-4.5.3.jar:/root/.m2/repository/org/apache/httpcomponents/httpcore/4.4.6/httpcore-4.4.6.jar:/root/.m2/repository/com/squareup/okhttp3/okhttp/3.9.1/okhttp-3.9.1.jar:/root/.m2/repository/com/squareup/okio/okio/1.13.0/okio-1.13.0.jar:/root/.m2/repository/org/seleniumhq/selenium/selenium-support/3.12.0/selenium-support-3.12.0.jar:/root/.m2/repository/com/fasterxml/jackson/core/jackson-core/2.9.5/jackson-core-2.9.5.jar:/root/.m2/repository/com/fasterxml/jackson/core/jackson-annotations/2.9.5/jackson-annotations-2.9.5.jar:/root/.m2/repository/com/fasterxml/jackson/module/jackson-module-kotlin/2.9.5/jackson-module-kotlin-2.9.5.jar:/root/.m2/repository/com/fasterxml/jackson/core/jackson-databind/2.9.5/jackson-databind-2.9.5.jar:/root/.m2/repository/com/fasterxml/jackson/jaxrs/jackson-jaxrs-json-provider/2.9.5/jackson-jaxrs-json-provider-2.9.5.jar:/root/.m2/repository/com/fasterxml/jackson/jaxrs/jackson-jaxrs-base/2.9.5/jackson-jaxrs-base-2.9.5.jar:/root/.m2/repository/com/fasterxml/jackson/module/jackson-module-jaxb-annotations/2.9.5/jackson-module-jaxb-annotations-2.9.5.jar:/root/.m2/repository/net/sourceforge/argparse4j/argparse4j/0.8.1/argparse4j-0.8.1.jar:/root/.m2/repository/org/eclipse/jetty/jetty-util/9.4.24.v20191120/jetty-util-9.4.24.v20191120.jar:/root/.m2/repository/org/jitsi/jitsi-xmpp-extensions/1.0-6-g009420d/jitsi-xmpp-extensions-1.0-6-g009420d.jar:/root/.m2/repository/org/igniterealtime/smack/smack-core/4.2.4-47d17fc/smack-core-4.2.4-47d17fc.jar:/root/.m2/repository/xpp3/xpp3/1.1.4c/xpp3-1.1.4c.jar:/root/.m2/repository/org/jxmpp/jxmpp-core/0.6.2/jxmpp-core-0.6.2.jar:/root/.m2/repository/org/jxmpp/jxmpp-util-cache/0.6.2/jxmpp-util-cache-0.6.2.jar:/root/.m2/repository/org/jxmpp/jxmpp-jid/0.6.2/jxmpp-jid-0.6.2.jar:/root/.m2/repository/org/igniterealtime/smack/smack-java7/4.2.4-47d17fc/smack-java7-4.2.4-47d17fc.jar:/root/.m2/repository/org/igniterealtime/smack/smack-resolver-javax/4.2.4-47d17fc/smack-resolver-javax-4.2.4-47d17fc.jar:/root/.m2/repository/org/igniterealtime/smack/smack-sasl-javax/4.2.4-47d17fc/smack-sasl-javax-4.2.4-47d17fc.jar:/root/.m2/repository/org/igniterealtime/smack/smack-extensions/4.2.4-47d17fc/smack-extensions-4.2.4-47d17fc.jar:/root/.m2/repository/org/igniterealtime/smack/smack-im/4.2.4-47d17fc/smack-im-4.2.4-47d17fc.jar:/root/.m2/repository/org/apache/commons/commons-lang3/3.9/commons-lang3-3.9.jar:/root/.m2/repository/org/jitsi/jitsi-utils/1.0-47-gdb30505/jitsi-utils-1.0-47-gdb30505.jar:/root/.m2/repository/com/googlecode/json-simple/json-simple/1.1.1/json-simple-1.1.1.jar:/root/.m2/repository/net/java/dev/jna/jna/5.5.0/jna-5.5.0.jar:/root/.m2/repository/org/reflections/reflections/0.9.11/reflections-0.9.11.jar:/root/.m2/repository/com/datadoghq/java-dogstatsd-client/2.5/java-dogstatsd-client-2.5.jar:/root/.m2/repository/com/github/tinder/statemachine/0.2.0/statemachine-0.2.0.jar:/root/.m2/repository/org/jitsi/jitsi-util/2.13.df50add/jitsi-util-2.13.df50add.jar:/root/.m2/repository/dnsjava/dnsjava/2.1.7/dnsjava-2.1.7.jar:/root/.m2/repository/org/apache/felix/org.apache.felix.main/4.4.0/org.apache.felix.main-4.4.0.jar:/root/.m2/repository/org/apache/felix/org.apache.felix.framework/4.4.0/org.apache.felix.framework-4.4.0.jar:/root/.m2/repository/org/jitsi/libjitsi/1.0-0-gb3296cf/libjitsi-1.0-0-gb3296cf.jar:/root/.m2/repository/ch/imvs/sdes4j/1.1.3/sdes4j-1.1.3.jar:/root/.m2/repository/commons-codec/commons-codec/1.6/commons-codec-1.6.jar:/root/.m2/repository/org/bouncycastle/bcpkix-jdk15on/1.54/bcpkix-jdk15on-1.54.jar:/root/.m2/repository/org/bouncycastle/bcprov-jdk15on/1.54/bcprov-jdk15on-1.54.jar:/root/.m2/repository/org/jitsi/bccontrib/1.0/bccontrib-1.0.jar:/root/.m2/repository/org/jitsi/fmj/1.0-SNAPSHOT/fmj-1.0-SNAPSHOT.jar:/root/.m2/repository/org/opentelecoms/sdp/java-sdp-nist-bridge/1.1/java-sdp-nist-bridge-1.1.jar:/root/.m2/repository/org/opentelecoms/sdp/sdp-api/1.0/sdp-api-1.0.jar:/root/.m2/repository/org/jitsi/jain-sip-ri-ossonly/1.2.98c7f8c-jitsi-oss1/jain-sip-ri-ossonly-1.2.98c7f8c-jitsi-oss1.jar:/root/.m2/repository/org/jitsi/zrtp4j-light/4.1.0-jitsi-1-SNAPSHOT/zrtp4j-light-4.1.0-jitsi-1-SNAPSHOT.jar:/root/.m2/repository/org/osgi/org.osgi.core/4.3.1/org.osgi.core-4.3.1.jar:/root/.m2/repository/com/yuvimasory/orange-extensions/1.3.0/orange-extensions-1.3.0.jar:/root/.m2/repository/io/ktor/ktor-client-apache/1.3.1/ktor-client-apache-1.3.1.jar:/root/.m2/repository/org/jetbrains/kotlinx/atomicfu/0.14.1/atomicfu-0.14.1.jar:/root/.m2/repository/org/slf4j/slf4j-api/1.7.26/slf4j-api-1.7.26.jar:/root/.m2/repository/org/jetbrains/kotlinx/kotlinx-coroutines-core/1.3.3/kotlinx-coroutines-core-1.3.3.jar:/root/.m2/repository/io/ktor/ktor-client-core-jvm/1.3.1/ktor-client-core-jvm-1.3.1.jar:/root/.m2/repository/io/ktor/ktor-network/1.3.1/ktor-network-1.3.1.jar:/root/.m2/repository/io/ktor/ktor-http-cio-jvm/1.3.1/ktor-http-cio-jvm-1.3.1.jar:/root/.m2/repository/org/apache/httpcomponents/httpasyncclient/4.1.4/httpasyncclient-4.1.4.jar:/root/.m2/repository/org/apache/httpcomponents/httpcore-nio/4.4.10/httpcore-nio-4.4.10.jar:/root/.m2/repository/io/ktor/ktor-client-jackson/1.3.1/ktor-client-jackson-1.3.1.jar:/root/.m2/repository/io/ktor/ktor-client-json-jvm/1.3.1/ktor-client-json-jvm-1.3.1.jar:/root/.m2/repository/io/ktor/ktor-server-core/1.3.1/ktor-server-core-1.3.1.jar:/root/.m2/repository/org/jetbrains/kotlin/kotlin-stdlib-jdk7/1.3.61/kotlin-stdlib-jdk7-1.3.61.jar:/root/.m2/repository/org/jetbrains/kotlinx/kotlinx-coroutines-jdk8/1.3.3/kotlinx-coroutines-jdk8-1.3.3.jar:/root/.m2/repository/io/ktor/ktor-utils-jvm/1.3.1/ktor-utils-jvm-1.3.1.jar:/root/.m2/repository/io/ktor/ktor-io-jvm/1.3.1/ktor-io-jvm-1.3.1.jar:/root/.m2/repository/io/ktor/ktor-http-jvm/1.3.1/ktor-http-jvm-1.3.1.jar:/root/.m2/repository/io/ktor/ktor-server-jetty/1.3.1/ktor-server-jetty-1.3.1.jar:/root/.m2/repository/io/ktor/ktor-server-host-common/1.3.1/ktor-server-host-common-1.3.1.jar:/root/.m2/repository/io/ktor/ktor-server-servlet/1.3.1/ktor-server-servlet-1.3.1.jar:/root/.m2/repository/org/eclipse/jetty/jetty-server/9.4.24.v20191120/jetty-server-9.4.24.v20191120.jar:/root/.m2/repository/javax/servlet/javax.servlet-api/3.1.0/javax.servlet-api-3.1.0.jar:/root/.m2/repository/org/eclipse/jetty/jetty-http/9.4.24.v20191120/jetty-http-9.4.24.v20191120.jar:/root/.m2/repository/org/eclipse/jetty/jetty-io/9.4.24.v20191120/jetty-io-9.4.24.v20191120.jar:/root/.m2/repository/org/eclipse/jetty/jetty-servlets/9.4.24.v20191120/jetty-servlets-9.4.24.v20191120.jar:/root/.m2/repository/org/eclipse/jetty/jetty-continuation/9.4.24.v20191120/jetty-continuation-9.4.24.v20191120.jar:/root/.m2/repository/org/eclipse/jetty/jetty-alpn-server/9.4.24.v20191120/jetty-alpn-server-9.4.24.v20191120.jar:/root/.m2/repository/org/eclipse/jetty/jetty-alpn-openjdk8-server/9.4.24.v20191120/jetty-alpn-openjdk8-server-9.4.24.v20191120.jar:/root/.m2/repository/org/eclipse/jetty/jetty-alpn-java-server/9.4.24.v20191120/jetty-alpn-java-server-9.4.24.v20191120.jar:/root/.m2/repository/org/eclipse/jetty/alpn/alpn-api/1.1.3.v20160715/alpn-api-1.1.3.v20160715.jar:/root/.m2/repository/org/eclipse/jetty/http2/http2-server/9.4.24.v20191120/http2-server-9.4.24.v20191120.jar:/root/.m2/repository/org/eclipse/jetty/http2/http2-common/9.4.24.v20191120/http2-common-9.4.24.v20191120.jar:/root/.m2/repository/org/eclipse/jetty/http2/http2-hpack/9.4.24.v20191120/http2-hpack-9.4.24.v20191120.jar:/root/.m2/repository/io/ktor/ktor-jackson/1.3.1/ktor-jackson-1.3.1.jar:/root/.m2/repository/org/jitsi/jitsi-metaconfig/8fa8f1170a/jitsi-metaconfig-8fa8f1170a.jar:/root/.m2/repository/com/typesafe/config/1.4.0/config-1.4.0.jar:/root/.m2/repository/io/jsonwebtoken/jjwt/0.9.1/jjwt-0.9.1.jar:/root/.m2/repository/io/kotest/kotest-runner-junit5-jvm/4.1.1/kotest-runner-junit5-jvm-4.1.1.jar:/root/.m2/repository/io/kotest/kotest-common-jvm/4.1.1/kotest-common-jvm-4.1.1.jar:/root/.m2/repository/io/kotest/kotest-core-jvm/4.1.1/kotest-core-jvm-4.1.1.jar:/root/.m2/repository/io/kotest/kotest-extensions-jvm/4.1.1/kotest-extensions-jvm-4.1.1.jar:/root/.m2/repository/commons-io/commons-io/2.6/commons-io-2.6.jar:/root/.m2/repository/org/junit/platform/junit-platform-engine/1.6.2/junit-platform-engine-1.6.2.jar:/root/.m2/repository/org/apiguardian/apiguardian-api/1.1.0/apiguardian-api-1.1.0.jar:/root/.m2/repository/org/opentest4j/opentest4j/1.2.0/opentest4j-1.2.0.jar:/root/.m2/repository/org/junit/platform/junit-platform-commons/1.6.2/junit-platform-commons-1.6.2.jar:/root/.m2/repository/org/junit/platform/junit-platform-suite-api/1.6.2/junit-platform-suite-api-1.6.2.jar:/root/.m2/repository/org/junit/platform/junit-platform-launcher/1.6.2/junit-platform-launcher-1.6.2.jar:/root/.m2/repository/org/junit/jupiter/junit-jupiter-api/5.6.2/junit-jupiter-api-5.6.2.jar:/root/.m2/repository/io/kotest/kotest-assertions-core-jvm/4.1.1/kotest-assertions-core-jvm-4.1.1.jar:/root/.m2/repository/io/kotest/kotest-assertions-shared-jvm/4.1.1/kotest-assertions-shared-jvm-4.1.1.jar:/root/.m2/repository/com/github/wumpz/diffutils/2.2/diffutils-2.2.jar:/root/.m2/repository/org/eclipse/jgit/org.eclipse.jgit/4.4.1.201607150455-r/org.eclipse.jgit-4.4.1.201607150455-r.jar:/root/.m2/repository/com/univocity/univocity-parsers/2.8.4/univocity-parsers-2.8.4.jar:/root/.m2/repository/com/github/mifmif/generex/1.0.2/generex-1.0.2.jar:/root/.m2/repository/dk/brics/automaton/automaton/1.11-8/automaton-1.11-8.jar:/root/.m2/repository/org/jetbrains/kotlinx/kotlinx-coroutines-core-common/1.3.6/kotlinx-coroutines-core-common-1.3.6.jar:/root/.m2/repository/io/kotest/kotest-runner-console-jvm/4.1.1/kotest-runner-console-jvm-4.1.1.jar:/root/.m2/repository/com/github/ajalt/clikt/2.6.0/clikt-2.6.0.jar:/root/.m2/repository/com/github/ajalt/clikt/clikt/2.6.0/clikt-2.6.0.jar:/root/.m2/repository/com/github/ajalt/clikt/clikt-js/2.6.0/clikt-js-2.6.0.jar:/root/.m2/repository/org/jetbrains/kotlin/kotlin-stdlib-js/1.3.70/kotlin-stdlib-js-1.3.70.jar:/root/.m2/repository/com/github/ajalt/clikt/clikt-metadata/2.6.0/clikt-metadata-2.6.0.jar:/root/.m2/repository/com/github/ajalt/mordant/1.2.1/mordant-1.2.1.jar:/root/.m2/repository/com/github/ajalt/colormath/1.2.0/colormath-1.2.0.jar:/root/.m2/repository/io/github/classgraph/classgraph/4.8.69/classgraph-4.8.69.jar:/root/.m2/repository/io/mockk/mockk/1.10.0/mockk-1.10.0.jar:/root/.m2/repository/io/mockk/mockk-common/1.10.0/mockk-common-1.10.0.jar:/root/.m2/repository/io/mockk/mockk-dsl/1.10.0/mockk-dsl-1.10.0.jar:/root/.m2/repository/io/mockk/mockk-dsl-jvm/1.10.0/mockk-dsl-jvm-1.10.0.jar:/root/.m2/repository/io/mockk/mockk-agent-jvm/1.10.0/mockk-agent-jvm-1.10.0.jar:/root/.m2/repository/io/mockk/mockk-agent-api/1.10.0/mockk-agent-api-1.10.0.jar:/root/.m2/repository/io/mockk/mockk-agent-common/1.10.0/mockk-agent-common-1.10.0.jar:/root/.m2/repository/org/objenesis/objenesis/3.1/objenesis-3.1.jar:/root/.m2/repository/net/bytebuddy/byte-buddy-agent/1.10.9/byte-buddy-agent-1.10.9.jar:/root/.m2/repository/io/ktor/ktor-client-mock-jvm/1.3.1/ktor-client-mock-jvm-1.3.1.jar:/root/.m2/repository/io/ktor/ktor-server-test-host/1.3.1/ktor-server-test-host-1.3.1.jar:/root/.m2/repository/io/ktor/ktor-network-tls/1.3.1/ktor-network-tls-1.3.1.jar:/root/.m2/repository/io/ktor/ktor-network-tls-certificates/1.3.1/ktor-network-tls-certificates-1.3.1.jar:/root/.m2/repository/io/ktor/ktor-client-jetty/1.3.1/ktor-client-jetty-1.3.1.jar:/root/.m2/repository/org/eclipse/jetty/jetty-alpn-openjdk8-client/9.4.24.v20191120/jetty-alpn-openjdk8-client-9.4.24.v20191120.jar:/root/.m2/repository/org/eclipse/jetty/jetty-alpn-java-client/9.4.24.v20191120/jetty-alpn-java-client-9.4.24.v20191120.jar:/root/.m2/repository/io/ktor/ktor-client-cio/1.3.1/ktor-client-cio-1.3.1.jar:/root/.m2/repository/io/ktor/ktor-client-tests-jvm/1.3.1/ktor-client-tests-jvm-1.3.1.jar:/root/.m2/repository/io/ktor/ktor-server-netty/1.3.1/ktor-server-netty-1.3.1.jar:/root/.m2/repository/io/netty/netty-codec-http2/4.1.44.Final/netty-codec-http2-4.1.44.Final.jar:/root/.m2/repository/io/netty/netty-common/4.1.44.Final/netty-common-4.1.44.Final.jar:/root/.m2/repository/io/netty/netty-buffer/4.1.44.Final/netty-buffer-4.1.44.Final.jar:/root/.m2/repository/io/netty/netty-transport/4.1.44.Final/netty-transport-4.1.44.Final.jar:/root/.m2/repository/io/netty/netty-resolver/4.1.44.Final/netty-resolver-4.1.44.Final.jar:/root/.m2/repository/io/netty/netty-codec/4.1.44.Final/netty-codec-4.1.44.Final.jar:/root/.m2/repository/io/netty/netty-handler/4.1.44.Final/netty-handler-4.1.44.Final.jar:/root/.m2/repository/io/netty/netty-codec-http/4.1.44.Final/netty-codec-http-4.1.44.Final.jar:/root/.m2/repository/io/netty/netty-transport-native-kqueue/4.1.44.Final/netty-transport-native-kqueue-4.1.44.Final.jar:/root/.m2/repository/io/netty/netty-transport-native-unix-common/4.1.44.Final/netty-transport-native-unix-common-4.1.44.Final.jar:/root/.m2/repository/io/netty/netty-transport-native-epoll/4.1.44.Final/netty-transport-native-epoll-4.1.44.Final.jar:/root/.m2/repository/io/ktor/ktor-auth/1.3.1/ktor-auth-1.3.1.jar:/root/.m2/repository/io/ktor/ktor-test-dispatcher-jvm/1.3.1/ktor-test-dispatcher-jvm-1.3.1.jar:/root/.m2/repository/io/ktor/ktor-client-serialization-jvm/1.3.1/ktor-client-serialization-jvm-1.3.1.jar:/root/.m2/repository/org/jetbrains/kotlinx/kotlinx-serialization-runtime/0.14.0/kotlinx-serialization-runtime-0.14.0.jar:/root/.m2/repository/org/jetbrains/kotlinx/kotlinx-serialization-runtime-common/0.14.0/kotlinx-serialization-runtime-common-0.14.0.jar:/root/.m2/repository/io/ktor/ktor-websockets/1.3.1/ktor-websockets-1.3.1.jar:/root/.m2/repository/ch/qos/logback/logback-classic/1.2.3/logback-classic-1.2.3.jar:/root/.m2/repository/ch/qos/logback/logback-core/1.2.3/logback-core-1.2.3.jar:/root/.m2/repository/org/eclipse/jetty/http2/http2-client/9.4.24.v20191120/http2-client-9.4.24.v20191120.jar:/root/.m2/repository/org/eclipse/jetty/jetty-alpn-client/9.4.24.v20191120/jetty-alpn-client-9.4.24.v20191120.jar:/root/.m2/repository/org/eclipse/jetty/jetty-client/9.4.24.v20191120/jetty-client-9.4.24.v20191120.jar:/root/.m2/repository/org/eclipse/jetty/http2/http2-http-client-transport/9.4.24.v20191120/http2-http-client-transport-9.4.24.v20191120.jar:/root/.m2/repository/org/mortbay/jetty/alpn/alpn-boot/8.1.13.v20181017/alpn-boot-8.1.13.v20181017.jar:/root/.m2/repository/org/jetbrains/kotlin/kotlin-test-junit/1.3.61/kotlin-test-junit-1.3.61.jar:/root/.m2/repository/org/jetbrains/kotlin/kotlin-test-annotations-common/1.3.61/kotlin-test-annotations-common-1.3.61.jar:/root/.m2/repository/org/jetbrains/kotlin/kotlin-test/1.3.61/kotlin-test-1.3.61.jar:/root/.m2/repository/org/jetbrains/kotlin/kotlin-test-common/1.3.61/kotlin-test-common-1.3.61.jar:/root/.m2/repository/junit/junit/4.12/junit-4.12.jar:/root/.m2/repository/org/hamcrest/hamcrest-core/1.3/hamcrest-core-1.3.jar:/root/.m2/repository/org/jetbrains/kotlinx/kotlinx-coroutines-debug/1.3.3/kotlinx-coroutines-debug-1.3.3.jar:/root/.m2/repository/net/bytebuddy/byte-buddy/1.10.0/byte-buddy-1.10.0.jar:/root/.m2/repository/com/github/marschall/memoryfilesystem/1.2.1/memoryfilesystem-1.2.1.jar:"/>
    <property name="java.vm.vendor" value="Private Build"/>
    <property name="sun.arch.data.model" value="64"/>
    <property name="java.vendor.url" value="http://java.oracle.com/"/>
    <property name="user.timezone" value="Etc/UTC"/>
    <property name="java.vm.specification.version" value="1.8"/>
    <property name="os.name" value="Linux"/>
    <property name="sun.java.launcher" value="SUN_STANDARD"/>
    <property name="sun.boot.library.path" value="/usr/lib/jvm/java-8-openjdk-amd64/jre/lib/amd64"/>
    <property name="sun.java.command" value="/root/jibri/target/surefire/surefirebooter3968295566186960062.jar /root/jibri/target/surefire 2020-08-12T14-57-01_836-jvmRun1 surefire5732219593386910557tmp surefire_05417712925230593744tmp"/>
    <property name="surefire.test.class.path" value="/root/jibri/target/test-classes:/root/jibri/target/classes:/root/.m2/repository/org/jitsi/jicoco-kotlin/1.1-38-g8d7369a/jicoco-kotlin-1.1-38-g8d7369a.jar:/root/.m2/repository/org/jetbrains/kotlin/kotlin-stdlib-jdk8/1.3.71/kotlin-stdlib-jdk8-1.3.71.jar:/root/.m2/repository/org/jitsi/jitsi-utils-kotlin/1.0-47-gdb30505/jitsi-utils-kotlin-1.0-47-gdb30505.jar:/root/.m2/repository/org/jitsi/jicoco/1.1-38-g8d7369a/jicoco-1.1-38-g8d7369a.jar:/root/.m2/repository/org/eclipse/jetty/jetty-proxy/9.4.15.v20190215/jetty-proxy-9.4.15.v20190215.jar:/root/.m2/repository/org/eclipse/jetty/jetty-servlet/9.4.15.v20190215/jetty-servlet-9.4.15.v20190215.jar:/root/.m2/repository/org/eclipse/jetty/jetty-security/9.4.15.v20190215/jetty-security-9.4.15.v20190215.jar:/root/.m2/repository/org/xeustechnologies/jcl-core/2.8/jcl-core-2.8.jar:/root/.m2/repository/cglib/cglib-nodep/2.2/cglib-nodep-2.2.jar:/root/.m2/repository/org/kamranzafar/commons/object-cloner/0.1/object-cloner-0.1.jar:/root/.m2/repository/org/igniterealtime/tinder/1.3.0/tinder-1.3.0.jar:/root/.m2/repository/dom4j/dom4j/1.6.1/dom4j-1.6.1.jar:/root/.m2/repository/xml-apis/xml-apis/1.0.b2/xml-apis-1.0.b2.jar:/root/.m2/repository/net/jcip/jcip-annotations/1.0/jcip-annotations-1.0.jar:/root/.m2/repository/org/gnu/inet/libidn/1.15/libidn-1.15.jar:/root/.m2/repository/com/googlecode/concurrentlinkedhashmap/concurrentlinkedhashmap-lru/1.0_jdk5/concurrentlinkedhashmap-lru-1.0_jdk5.jar:/root/.m2/repository/org/igniterealtime/whack/core/2.0.1/core-2.0.1.jar:/root/.m2/repository/xmlpull/xmlpull/1.1.3.4a/xmlpull-1.1.3.4a.jar:/root/.m2/repository/org/eclipse/jetty/jetty-webapp/7.0.1.v20091125/jetty-webapp-7.0.1.v20091125.jar:/root/.m2/repository/org/eclipse/jetty/jetty-xml/7.0.1.v20091125/jetty-xml-7.0.1.v20091125.jar:/root/.m2/repository/org/igniterealtime/smack/smack-tcp/4.2.4-47d17fc/smack-tcp-4.2.4-47d17fc.jar:/root/.m2/repository/org/glassfish/jersey/containers/jersey-container-jetty-http/2.30.1/jersey-container-jetty-http-2.30.1.jar:/root/.m2/repository/org/glassfish/hk2/external/jakarta.inject/2.6.1/jakarta.inject-2.6.1.jar:/root/.m2/repository/org/glassfish/jersey/core/jersey-common/2.30.1/jersey-common-2.30.1.jar:/root/.m2/repository/jakarta/annotation/jakarta.annotation-api/1.3.5/jakarta.annotation-api-1.3.5.jar:/root/.m2/repository/org/glassfish/hk2/osgi-resource-locator/1.0.3/osgi-resource-locator-1.0.3.jar:/root/.m2/repository/org/glassfish/jersey/core/jersey-server/2.30.1/jersey-server-2.30.1.jar:/root/.m2/repository/org/glassfish/jersey/core/jersey-client/2.30.1/jersey-client-2.30.1.jar:/root/.m2/repository/org/glassfish/jersey/media/jersey-media-jaxb/2.30.1/jersey-media-jaxb-2.30.1.jar:/root/.m2/repository/jakarta/validation/jakarta.validation-api/2.0.2/jakarta.validation-api-2.0.2.jar:/root/.m2/repository/jakarta/ws/rs/jakarta.ws.rs-api/2.1.6/jakarta.ws.rs-api-2.1.6.jar:/root/.m2/repository/org/glassfish/jersey/containers/jersey-container-servlet/2.30.1/jersey-container-servlet-2.30.1.jar:/root/.m2/repository/org/glassfish/jersey/containers/jersey-container-servlet-core/2.30.1/jersey-container-servlet-core-2.30.1.jar:/root/.m2/repository/org/glassfish/jersey/inject/jersey-hk2/2.30.1/jersey-hk2-2.30.1.jar:/root/.m2/repository/org/glassfish/hk2/hk2-locator/2.6.1/hk2-locator-2.6.1.jar:/root/.m2/repository/org/glassfish/hk2/external/aopalliance-repackaged/2.6.1/aopalliance-repackaged-2.6.1.jar:/root/.m2/repository/org/glassfish/hk2/hk2-api/2.6.1/hk2-api-2.6.1.jar:/root/.m2/repository/org/glassfish/hk2/hk2-utils/2.6.1/hk2-utils-2.6.1.jar:/root/.m2/repository/org/glassfish/jersey/media/jersey-media-json-jackson/2.30.1/jersey-media-json-jackson-2.30.1.jar:/root/.m2/repository/org/glassfish/jersey/ext/jersey-entity-filtering/2.30.1/jersey-entity-filtering-2.30.1.jar:/root/.m2/repository/org/javassist/javassist/3.22.0-CR2/javassist-3.22.0-CR2.jar:/root/.m2/repository/org/jitsi/jitsi-android-osgi/1.0-SNAPSHOT/jitsi-android-osgi-1.0-SNAPSHOT.jar:/root/.m2/repository/org/jitsi/jicoco-test-kotlin/1.1-38-g8d7369a/jicoco-test-kotlin-1.1-38-g8d7369a.jar:/root/.m2/repository/io/kotlintest/kotlintest-runner-junit5/3.4.2/kotlintest-runner-junit5-3.4.2.jar:/root/.m2/repository/io/kotlintest/kotlintest-core/3.4.2/kotlintest-core-3.4.2.jar:/root/.m2/repository/io/kotlintest/kotlintest-assertions/3.4.2/kotlintest-assertions-3.4.2.jar:/root/.m2/repository/io/arrow-kt/arrow-core-data/0.9.0/arrow-core-data-0.9.0.jar:/root/.m2/repository/io/arrow-kt/arrow-annotations/0.9.0/arrow-annotations-0.9.0.jar:/root/.m2/repository/io/kindedj/kindedj/1.1.0/kindedj-1.1.0.jar:/root/.m2/repository/io/kotlintest/kotlintest-runner-jvm/3.4.2/kotlintest-runner-jvm-3.4.2.jar:/root/.m2/repository/io/kotlintest/kotlintest-extensions/3.4.2/kotlintest-extensions-3.4.2.jar:/root/.m2/repository/io/arrow-kt/arrow-core-extensions/0.9.0/arrow-core-extensions-0.9.0.jar:/root/.m2/repository/io/arrow-kt/arrow-typeclasses/0.9.0/arrow-typeclasses-0.9.0.jar:/root/.m2/repository/io/kotlintest/kotlintest-runner-console/3.4.2/kotlintest-runner-console-3.4.2.jar:/root/.m2/repository/org/jitsi/jicoco-config/1.1-38-g8d7369a/jicoco-config-1.1-38-g8d7369a.jar:/root/.m2/repository/org/jetbrains/kotlin/kotlin-stdlib/1.3.71/kotlin-stdlib-1.3.71.jar:/root/.m2/repository/org/jetbrains/kotlin/kotlin-stdlib-common/1.3.71/kotlin-stdlib-common-1.3.71.jar:/root/.m2/repository/org/jetbrains/annotations/13.0/annotations-13.0.jar:/root/.m2/repository/org/jetbrains/kotlin/kotlin-reflect/1.3.71/kotlin-reflect-1.3.71.jar:/root/.m2/repository/org/seleniumhq/selenium/selenium-java/3.12.0/selenium-java-3.12.0.jar:/root/.m2/repository/org/seleniumhq/selenium/selenium-api/3.12.0/selenium-api-3.12.0.jar:/root/.m2/repository/org/seleniumhq/selenium/selenium-chrome-driver/3.12.0/selenium-chrome-driver-3.12.0.jar:/root/.m2/repository/org/seleniumhq/selenium/selenium-edge-driver/3.12.0/selenium-edge-driver-3.12.0.jar:/root/.m2/repository/org/seleniumhq/selenium/selenium-firefox-driver/3.12.0/selenium-firefox-driver-3.12.0.jar:/root/.m2/repository/org/seleniumhq/selenium/selenium-ie-driver/3.12.0/selenium-ie-driver-3.12.0.jar:/root/.m2/repository/org/seleniumhq/selenium/selenium-opera-driver/3.12.0/selenium-opera-driver-3.12.0.jar:/root/.m2/repository/org/seleniumhq/selenium/selenium-remote-driver/3.12.0/selenium-remote-driver-3.12.0.jar:/root/.m2/repository/org/seleniumhq/selenium/selenium-safari-driver/3.12.0/selenium-safari-driver-3.12.0.jar:/root/.m2/repository/org/apache/commons/commons-exec/1.3/commons-exec-1.3.jar:/root/.m2/repository/commons-logging/commons-logging/1.2/commons-logging-1.2.jar:/root/.m2/repository/com/google/code/gson/gson/2.8.2/gson-2.8.2.jar:/root/.m2/repository/com/google/guava/guava/23.6-jre/guava-23.6-jre.jar:/root/.m2/repository/com/google/code/findbugs/jsr305/1.3.9/jsr305-1.3.9.jar:/root/.m2/repository/org/checkerframework/checker-compat-qual/2.0.0/checker-compat-qual-2.0.0.jar:/root/.m2/repository/com/google/errorprone/error_prone_annotations/2.1.3/error_prone_annotations-2.1.3.jar:/root/.m2/repository/com/google/j2objc/j2objc-annotations/1.1/j2objc-annotations-1.1.jar:/root/.m2/repository/org/codehaus/mojo/animal-sniffer-annotations/1.14/animal-sniffer-annotations-1.14.jar:/root/.m2/repository/org/apache/httpcomponents/httpclient/4.5.3/httpclient-4.5.3.jar:/root/.m2/repository/org/apache/httpcomponents/httpcore/4.4.6/httpcore-4.4.6.jar:/root/.m2/repository/com/squareup/okhttp3/okhttp/3.9.1/okhttp-3.9.1.jar:/root/.m2/repository/com/squareup/okio/okio/1.13.0/okio-1.13.0.jar:/root/.m2/repository/org/seleniumhq/selenium/selenium-support/3.12.0/selenium-support-3.12.0.jar:/root/.m2/repository/com/fasterxml/jackson/core/jackson-core/2.9.5/jackson-core-2.9.5.jar:/root/.m2/repository/com/fasterxml/jackson/core/jackson-annotations/2.9.5/jackson-annotations-2.9.5.jar:/root/.m2/repository/com/fasterxml/jackson/module/jackson-module-kotlin/2.9.5/jackson-module-kotlin-2.9.5.jar:/root/.m2/repository/com/fasterxml/jackson/core/jackson-databind/2.9.5/jackson-databind-2.9.5.jar:/root/.m2/repository/com/fasterxml/jackson/jaxrs/jackson-jaxrs-json-provider/2.9.5/jackson-jaxrs-json-provider-2.9.5.jar:/root/.m2/repository/com/fasterxml/jackson/jaxrs/jackson-jaxrs-base/2.9.5/jackson-jaxrs-base-2.9.5.jar:/root/.m2/repository/com/fasterxml/jackson/module/jackson-module-jaxb-annotations/2.9.5/jackson-module-jaxb-annotations-2.9.5.jar:/root/.m2/repository/net/sourceforge/argparse4j/argparse4j/0.8.1/argparse4j-0.8.1.jar:/root/.m2/repository/org/eclipse/jetty/jetty-util/9.4.24.v20191120/jetty-util-9.4.24.v20191120.jar:/root/.m2/repository/org/jitsi/jitsi-xmpp-extensions/1.0-6-g009420d/jitsi-xmpp-extensions-1.0-6-g009420d.jar:/root/.m2/repository/org/igniterealtime/smack/smack-core/4.2.4-47d17fc/smack-core-4.2.4-47d17fc.jar:/root/.m2/repository/xpp3/xpp3/1.1.4c/xpp3-1.1.4c.jar:/root/.m2/repository/org/jxmpp/jxmpp-core/0.6.2/jxmpp-core-0.6.2.jar:/root/.m2/repository/org/jxmpp/jxmpp-util-cache/0.6.2/jxmpp-util-cache-0.6.2.jar:/root/.m2/repository/org/jxmpp/jxmpp-jid/0.6.2/jxmpp-jid-0.6.2.jar:/root/.m2/repository/org/igniterealtime/smack/smack-java7/4.2.4-47d17fc/smack-java7-4.2.4-47d17fc.jar:/root/.m2/repository/org/igniterealtime/smack/smack-resolver-javax/4.2.4-47d17fc/smack-resolver-javax-4.2.4-47d17fc.jar:/root/.m2/repository/org/igniterealtime/smack/smack-sasl-javax/4.2.4-47d17fc/smack-sasl-javax-4.2.4-47d17fc.jar:/root/.m2/repository/org/igniterealtime/smack/smack-extensions/4.2.4-47d17fc/smack-extensions-4.2.4-47d17fc.jar:/root/.m2/repository/org/igniterealtime/smack/smack-im/4.2.4-47d17fc/smack-im-4.2.4-47d17fc.jar:/root/.m2/repository/org/apache/commons/commons-lang3/3.9/commons-lang3-3.9.jar:/root/.m2/repository/org/jitsi/jitsi-utils/1.0-47-gdb30505/jitsi-utils-1.0-47-gdb30505.jar:/root/.m2/repository/com/googlecode/json-simple/json-simple/1.1.1/json-simple-1.1.1.jar:/root/.m2/repository/net/java/dev/jna/jna/5.5.0/jna-5.5.0.jar:/root/.m2/repository/org/reflections/reflections/0.9.11/reflections-0.9.11.jar:/root/.m2/repository/com/datadoghq/java-dogstatsd-client/2.5/java-dogstatsd-client-2.5.jar:/root/.m2/repository/com/github/tinder/statemachine/0.2.0/statemachine-0.2.0.jar:/root/.m2/repository/org/jitsi/jitsi-util/2.13.df50add/jitsi-util-2.13.df50add.jar:/root/.m2/repository/dnsjava/dnsjava/2.1.7/dnsjava-2.1.7.jar:/root/.m2/repository/org/apache/felix/org.apache.felix.main/4.4.0/org.apache.felix.main-4.4.0.jar:/root/.m2/repository/org/apache/felix/org.apache.felix.framework/4.4.0/org.apache.felix.framework-4.4.0.jar:/root/.m2/repository/org/jitsi/libjitsi/1.0-0-gb3296cf/libjitsi-1.0-0-gb3296cf.jar:/root/.m2/repository/ch/imvs/sdes4j/1.1.3/sdes4j-1.1.3.jar:/root/.m2/repository/commons-codec/commons-codec/1.6/commons-codec-1.6.jar:/root/.m2/repository/org/bouncycastle/bcpkix-jdk15on/1.54/bcpkix-jdk15on-1.54.jar:/root/.m2/repository/org/bouncycastle/bcprov-jdk15on/1.54/bcprov-jdk15on-1.54.jar:/root/.m2/repository/org/jitsi/bccontrib/1.0/bccontrib-1.0.jar:/root/.m2/repository/org/jitsi/fmj/1.0-SNAPSHOT/fmj-1.0-SNAPSHOT.jar:/root/.m2/repository/org/opentelecoms/sdp/java-sdp-nist-bridge/1.1/java-sdp-nist-bridge-1.1.jar:/root/.m2/repository/org/opentelecoms/sdp/sdp-api/1.0/sdp-api-1.0.jar:/root/.m2/repository/org/jitsi/jain-sip-ri-ossonly/1.2.98c7f8c-jitsi-oss1/jain-sip-ri-ossonly-1.2.98c7f8c-jitsi-oss1.jar:/root/.m2/repository/org/jitsi/zrtp4j-light/4.1.0-jitsi-1-SNAPSHOT/zrtp4j-light-4.1.0-jitsi-1-SNAPSHOT.jar:/root/.m2/repository/org/osgi/org.osgi.core/4.3.1/org.osgi.core-4.3.1.jar:/root/.m2/repository/com/yuvimasory/orange-extensions/1.3.0/orange-extensions-1.3.0.jar:/root/.m2/repository/io/ktor/ktor-client-apache/1.3.1/ktor-client-apache-1.3.1.jar:/root/.m2/repository/org/jetbrains/kotlinx/atomicfu/0.14.1/atomicfu-0.14.1.jar:/root/.m2/repository/org/slf4j/slf4j-api/1.7.26/slf4j-api-1.7.26.jar:/root/.m2/repository/org/jetbrains/kotlinx/kotlinx-coroutines-core/1.3.3/kotlinx-coroutines-core-1.3.3.jar:/root/.m2/repository/io/ktor/ktor-client-core-jvm/1.3.1/ktor-client-core-jvm-1.3.1.jar:/root/.m2/repository/io/ktor/ktor-network/1.3.1/ktor-network-1.3.1.jar:/root/.m2/repository/io/ktor/ktor-http-cio-jvm/1.3.1/ktor-http-cio-jvm-1.3.1.jar:/root/.m2/repository/org/apache/httpcomponents/httpasyncclient/4.1.4/httpasyncclient-4.1.4.jar:/root/.m2/repository/org/apache/httpcomponents/httpcore-nio/4.4.10/httpcore-nio-4.4.10.jar:/root/.m2/repository/io/ktor/ktor-client-jackson/1.3.1/ktor-client-jackson-1.3.1.jar:/root/.m2/repository/io/ktor/ktor-client-json-jvm/1.3.1/ktor-client-json-jvm-1.3.1.jar:/root/.m2/repository/io/ktor/ktor-server-core/1.3.1/ktor-server-core-1.3.1.jar:/root/.m2/repository/org/jetbrains/kotlin/kotlin-stdlib-jdk7/1.3.61/kotlin-stdlib-jdk7-1.3.61.jar:/root/.m2/repository/org/jetbrains/kotlinx/kotlinx-coroutines-jdk8/1.3.3/kotlinx-coroutines-jdk8-1.3.3.jar:/root/.m2/repository/io/ktor/ktor-utils-jvm/1.3.1/ktor-utils-jvm-1.3.1.jar:/root/.m2/repository/io/ktor/ktor-io-jvm/1.3.1/ktor-io-jvm-1.3.1.jar:/root/.m2/repository/io/ktor/ktor-http-jvm/1.3.1/ktor-http-jvm-1.3.1.jar:/root/.m2/repository/io/ktor/ktor-server-jetty/1.3.1/ktor-server-jetty-1.3.1.jar:/root/.m2/repository/io/ktor/ktor-server-host-common/1.3.1/ktor-server-host-common-1.3.1.jar:/root/.m2/repository/io/ktor/ktor-server-servlet/1.3.1/ktor-server-servlet-1.3.1.jar:/root/.m2/repository/org/eclipse/jetty/jetty-server/9.4.24.v20191120/jetty-server-9.4.24.v20191120.jar:/root/.m2/repository/javax/servlet/javax.servlet-api/3.1.0/javax.servlet-api-3.1.0.jar:/root/.m2/repository/org/eclipse/jetty/jetty-http/9.4.24.v20191120/jetty-http-9.4.24.v20191120.jar:/root/.m2/repository/org/eclipse/jetty/jetty-io/9.4.24.v20191120/jetty-io-9.4.24.v20191120.jar:/root/.m2/repository/org/eclipse/jetty/jetty-servlets/9.4.24.v20191120/jetty-servlets-9.4.24.v20191120.jar:/root/.m2/repository/org/eclipse/jetty/jetty-continuation/9.4.24.v20191120/jetty-continuation-9.4.24.v20191120.jar:/root/.m2/repository/org/eclipse/jetty/jetty-alpn-server/9.4.24.v20191120/jetty-alpn-server-9.4.24.v20191120.jar:/root/.m2/repository/org/eclipse/jetty/jetty-alpn-openjdk8-server/9.4.24.v20191120/jetty-alpn-openjdk8-server-9.4.24.v20191120.jar:/root/.m2/repository/org/eclipse/jetty/jetty-alpn-java-server/9.4.24.v20191120/jetty-alpn-java-server-9.4.24.v20191120.jar:/root/.m2/repository/org/eclipse/jetty/alpn/alpn-api/1.1.3.v20160715/alpn-api-1.1.3.v20160715.jar:/root/.m2/repository/org/eclipse/jetty/http2/http2-server/9.4.24.v20191120/http2-server-9.4.24.v20191120.jar:/root/.m2/repository/org/eclipse/jetty/http2/http2-common/9.4.24.v20191120/http2-common-9.4.24.v20191120.jar:/root/.m2/repository/org/eclipse/jetty/http2/http2-hpack/9.4.24.v20191120/http2-hpack-9.4.24.v20191120.jar:/root/.m2/repository/io/ktor/ktor-jackson/1.3.1/ktor-jackson-1.3.1.jar:/root/.m2/repository/org/jitsi/jitsi-metaconfig/8fa8f1170a/jitsi-metaconfig-8fa8f1170a.jar:/root/.m2/repository/com/typesafe/config/1.4.0/config-1.4.0.jar:/root/.m2/repository/io/jsonwebtoken/jjwt/0.9.1/jjwt-0.9.1.jar:/root/.m2/repository/io/kotest/kotest-runner-junit5-jvm/4.1.1/kotest-runner-junit5-jvm-4.1.1.jar:/root/.m2/repository/io/kotest/kotest-common-jvm/4.1.1/kotest-common-jvm-4.1.1.jar:/root/.m2/repository/io/kotest/kotest-core-jvm/4.1.1/kotest-core-jvm-4.1.1.jar:/root/.m2/repository/io/kotest/kotest-extensions-jvm/4.1.1/kotest-extensions-jvm-4.1.1.jar:/root/.m2/repository/commons-io/commons-io/2.6/commons-io-2.6.jar:/root/.m2/repository/org/junit/platform/junit-platform-engine/1.6.2/junit-platform-engine-1.6.2.jar:/root/.m2/repository/org/apiguardian/apiguardian-api/1.1.0/apiguardian-api-1.1.0.jar:/root/.m2/repository/org/opentest4j/opentest4j/1.2.0/opentest4j-1.2.0.jar:/root/.m2/repository/org/junit/platform/junit-platform-commons/1.6.2/junit-platform-commons-1.6.2.jar:/root/.m2/repository/org/junit/platform/junit-platform-suite-api/1.6.2/junit-platform-suite-api-1.6.2.jar:/root/.m2/repository/org/junit/platform/junit-platform-launcher/1.6.2/junit-platform-launcher-1.6.2.jar:/root/.m2/repository/org/junit/jupiter/junit-jupiter-api/5.6.2/junit-jupiter-api-5.6.2.jar:/root/.m2/repository/io/kotest/kotest-assertions-core-jvm/4.1.1/kotest-assertions-core-jvm-4.1.1.jar:/root/.m2/repository/io/kotest/kotest-assertions-shared-jvm/4.1.1/kotest-assertions-shared-jvm-4.1.1.jar:/root/.m2/repository/com/github/wumpz/diffutils/2.2/diffutils-2.2.jar:/root/.m2/repository/org/eclipse/jgit/org.eclipse.jgit/4.4.1.201607150455-r/org.eclipse.jgit-4.4.1.201607150455-r.jar:/root/.m2/repository/com/univocity/univocity-parsers/2.8.4/univocity-parsers-2.8.4.jar:/root/.m2/repository/com/github/mifmif/generex/1.0.2/generex-1.0.2.jar:/root/.m2/repository/dk/brics/automaton/automaton/1.11-8/automaton-1.11-8.jar:/root/.m2/repository/org/jetbrains/kotlinx/kotlinx-coroutines-core-common/1.3.6/kotlinx-coroutines-core-common-1.3.6.jar:/root/.m2/repository/io/kotest/kotest-runner-console-jvm/4.1.1/kotest-runner-console-jvm-4.1.1.jar:/root/.m2/repository/com/github/ajalt/clikt/2.6.0/clikt-2.6.0.jar:/root/.m2/repository/com/github/ajalt/clikt/clikt/2.6.0/clikt-2.6.0.jar:/root/.m2/repository/com/github/ajalt/clikt/clikt-js/2.6.0/clikt-js-2.6.0.jar:/root/.m2/repository/org/jetbrains/kotlin/kotlin-stdlib-js/1.3.70/kotlin-stdlib-js-1.3.70.jar:/root/.m2/repository/com/github/ajalt/clikt/clikt-metadata/2.6.0/clikt-metadata-2.6.0.jar:/root/.m2/repository/com/github/ajalt/mordant/1.2.1/mordant-1.2.1.jar:/root/.m2/repository/com/github/ajalt/colormath/1.2.0/colormath-1.2.0.jar:/root/.m2/repository/io/github/classgraph/classgraph/4.8.69/classgraph-4.8.69.jar:/root/.m2/repository/io/mockk/mockk/1.10.0/mockk-1.10.0.jar:/root/.m2/repository/io/mockk/mockk-common/1.10.0/mockk-common-1.10.0.jar:/root/.m2/repository/io/mockk/mockk-dsl/1.10.0/mockk-dsl-1.10.0.jar:/root/.m2/repository/io/mockk/mockk-dsl-jvm/1.10.0/mockk-dsl-jvm-1.10.0.jar:/root/.m2/repository/io/mockk/mockk-agent-jvm/1.10.0/mockk-agent-jvm-1.10.0.jar:/root/.m2/repository/io/mockk/mockk-agent-api/1.10.0/mockk-agent-api-1.10.0.jar:/root/.m2/repository/io/mockk/mockk-agent-common/1.10.0/mockk-agent-common-1.10.0.jar:/root/.m2/repository/org/objenesis/objenesis/3.1/objenesis-3.1.jar:/root/.m2/repository/net/bytebuddy/byte-buddy-agent/1.10.9/byte-buddy-agent-1.10.9.jar:/root/.m2/repository/io/ktor/ktor-client-mock-jvm/1.3.1/ktor-client-mock-jvm-1.3.1.jar:/root/.m2/repository/io/ktor/ktor-server-test-host/1.3.1/ktor-server-test-host-1.3.1.jar:/root/.m2/repository/io/ktor/ktor-network-tls/1.3.1/ktor-network-tls-1.3.1.jar:/root/.m2/repository/io/ktor/ktor-network-tls-certificates/1.3.1/ktor-network-tls-certificates-1.3.1.jar:/root/.m2/repository/io/ktor/ktor-client-jetty/1.3.1/ktor-client-jetty-1.3.1.jar:/root/.m2/repository/org/eclipse/jetty/jetty-alpn-openjdk8-client/9.4.24.v20191120/jetty-alpn-openjdk8-client-9.4.24.v20191120.jar:/root/.m2/repository/org/eclipse/jetty/jetty-alpn-java-client/9.4.24.v20191120/jetty-alpn-java-client-9.4.24.v20191120.jar:/root/.m2/repository/io/ktor/ktor-client-cio/1.3.1/ktor-client-cio-1.3.1.jar:/root/.m2/repository/io/ktor/ktor-client-tests-jvm/1.3.1/ktor-client-tests-jvm-1.3.1.jar:/root/.m2/repository/io/ktor/ktor-server-netty/1.3.1/ktor-server-netty-1.3.1.jar:/root/.m2/repository/io/netty/netty-codec-http2/4.1.44.Final/netty-codec-http2-4.1.44.Final.jar:/root/.m2/repository/io/netty/netty-common/4.1.44.Final/netty-common-4.1.44.Final.jar:/root/.m2/repository/io/netty/netty-buffer/4.1.44.Final/netty-buffer-4.1.44.Final.jar:/root/.m2/repository/io/netty/netty-transport/4.1.44.Final/netty-transport-4.1.44.Final.jar:/root/.m2/repository/io/netty/netty-resolver/4.1.44.Final/netty-resolver-4.1.44.Final.jar:/root/.m2/repository/io/netty/netty-codec/4.1.44.Final/netty-codec-4.1.44.Final.jar:/root/.m2/repository/io/netty/netty-handler/4.1.44.Final/netty-handler-4.1.44.Final.jar:/root/.m2/repository/io/netty/netty-codec-http/4.1.44.Final/netty-codec-http-4.1.44.Final.jar:/root/.m2/repository/io/netty/netty-transport-native-kqueue/4.1.44.Final/netty-transport-native-kqueue-4.1.44.Final.jar:/root/.m2/repository/io/netty/netty-transport-native-unix-common/4.1.44.Final/netty-transport-native-unix-common-4.1.44.Final.jar:/root/.m2/repository/io/netty/netty-transport-native-epoll/4.1.44.Final/netty-transport-native-epoll-4.1.44.Final.jar:/root/.m2/repository/io/ktor/ktor-auth/1.3.1/ktor-auth-1.3.1.jar:/root/.m2/repository/io/ktor/ktor-test-dispatcher-jvm/1.3.1/ktor-test-dispatcher-jvm-1.3.1.jar:/root/.m2/repository/io/ktor/ktor-client-serialization-jvm/1.3.1/ktor-client-serialization-jvm-1.3.1.jar:/root/.m2/repository/org/jetbrains/kotlinx/kotlinx-serialization-runtime/0.14.0/kotlinx-serialization-runtime-0.14.0.jar:/root/.m2/repository/org/jetbrains/kotlinx/kotlinx-serialization-runtime-common/0.14.0/kotlinx-serialization-runtime-common-0.14.0.jar:/root/.m2/repository/io/ktor/ktor-websockets/1.3.1/ktor-websockets-1.3.1.jar:/root/.m2/repository/ch/qos/logback/logback-classic/1.2.3/logback-classic-1.2.3.jar:/root/.m2/repository/ch/qos/logback/logback-core/1.2.3/logback-core-1.2.3.jar:/root/.m2/repository/org/eclipse/jetty/http2/http2-client/9.4.24.v20191120/http2-client-9.4.24.v20191120.jar:/root/.m2/repository/org/eclipse/jetty/jetty-alpn-client/9.4.24.v20191120/jetty-alpn-client-9.4.24.v20191120.jar:/root/.m2/repository/org/eclipse/jetty/jetty-client/9.4.24.v20191120/jetty-client-9.4.24.v20191120.jar:/root/.m2/repository/org/eclipse/jetty/http2/http2-http-client-transport/9.4.24.v20191120/http2-http-client-transport-9.4.24.v20191120.jar:/root/.m2/repository/org/mortbay/jetty/alpn/alpn-boot/8.1.13.v20181017/alpn-boot-8.1.13.v20181017.jar:/root/.m2/repository/org/jetbrains/kotlin/kotlin-test-junit/1.3.61/kotlin-test-junit-1.3.61.jar:/root/.m2/repository/org/jetbrains/kotlin/kotlin-test-annotations-common/1.3.61/kotlin-test-annotations-common-1.3.61.jar:/root/.m2/repository/org/jetbrains/kotlin/kotlin-test/1.3.61/kotlin-test-1.3.61.jar:/root/.m2/repository/org/jetbrains/kotlin/kotlin-test-common/1.3.61/kotlin-test-common-1.3.61.jar:/root/.m2/repository/junit/junit/4.12/junit-4.12.jar:/root/.m2/repository/org/hamcrest/hamcrest-core/1.3/hamcrest-core-1.3.jar:/root/.m2/repository/org/jetbrains/kotlinx/kotlinx-coroutines-debug/1.3.3/kotlinx-coroutines-debug-1.3.3.jar:/root/.m2/repository/net/bytebuddy/byte-buddy/1.10.0/byte-buddy-1.10.0.jar:/root/.m2/repository/com/github/marschall/memoryfilesystem/1.2.1/memoryfilesystem-1.2.1.jar:"/>
    <property name="sun.cpu.endian" value="little"/>
    <property name="user.home" value="/root"/>
    <property name="user.language" value="en"/>
    <property name="java.specification.vendor" value="Oracle Corporation"/>
    <property name="java.home" value="/usr/lib/jvm/java-8-openjdk-amd64/jre"/>
    <property name="basedir" value="/root/jibri"/>
    <property name="file.separator" value="/"/>
    <property name="line.separator" value="&#10;"/>
    <property name="java.vm.specification.vendor" value="Oracle Corporation"/>
    <property name="java.specification.name" value="Java Platform API Specification"/>
    <property name="java.awt.graphicsenv" value="sun.awt.X11GraphicsEnvironment"/>
    <property name="surefire.real.class.path" value="/root/jibri/target/surefire/surefirebooter3968295566186960062.jar"/>
    <property name="sun.boot.class.path" value="/usr/lib/jvm/java-8-openjdk-amd64/jre/lib/resources.jar:/usr/lib/jvm/java-8-openjdk-amd64/jre/lib/rt.jar:/usr/lib/jvm/java-8-openjdk-amd64/jre/lib/sunrsasign.jar:/usr/lib/jvm/java-8-openjdk-amd64/jre/lib/jsse.jar:/usr/lib/jvm/java-8-openjdk-amd64/jre/lib/jce.jar:/usr/lib/jvm/java-8-openjdk-amd64/jre/lib/charsets.jar:/usr/lib/jvm/java-8-openjdk-amd64/jre/lib/jfr.jar:/usr/lib/jvm/java-8-openjdk-amd64/jre/classes"/>
    <property name="sun.management.compiler" value="HotSpot 64-Bit Tiered Compilers"/>
    <property name="java.runtime.version" value="1.8.0_252-8u252-b09-1~18.04-b09"/>
    <property name="user.name" value="root"/>
    <property name="path.separator" value=":"/>
    <property name="os.version" value="4.15.0-66-generic"/>
    <property name="java.endorsed.dirs" value="/usr/lib/jvm/java-8-openjdk-amd64/jre/lib/endorsed"/>
    <property name="java.runtime.name" value="OpenJDK Runtime Environment"/>
    <property name="file.encoding" value="UTF-8"/>
    <property name="java.vm.name" value="OpenJDK 64-Bit Server VM"/>
    <property name="localRepository" value="/root/.m2/repository"/>
    <property name="java.vendor.url.bug" value="http://bugreport.sun.com/bugreport/"/>
    <property name="java.io.tmpdir" value="/tmp"/>
    <property name="java.version" value="1.8.0_252"/>
    <property name="user.dir" value="/root/jibri"/>
    <property name="os.arch" value="amd64"/>
    <property name="java.vm.specification.name" value="Java Virtual Machine Specification"/>
    <property name="java.awt.printerjob" value="sun.print.PSPrinterJob"/>
    <property name="sun.os.patch.level" value="unknown"/>
    <property name="java.library.path" value="/usr/java/packages/lib/amd64:/usr/lib/x86_64-linux-gnu/jni:/lib/x86_64-linux-gnu:/usr/lib/x86_64-linux-gnu:/usr/lib/jni:/lib:/usr/lib"/>
    <property name="java.vm.info" value="mixed mode"/>
    <property name="java.vendor" value="Private Build"/>
    <property name="java.vm.version" value="25.252-b09"/>
    <property name="java.ext.dirs" value="/usr/lib/jvm/java-8-openjdk-amd64/jre/lib/ext:/usr/java/packages/lib/ext"/>
    <property name="sun.io.unicode.encoding" value="UnicodeLittle"/>
    <property name="java.class.version" value="52.0"/>
  </properties>
  <testcase name="should equal an empty string" classname="org.jitsi.jibri.util.TailLogicTest" time="0.001"/>
  <testcase name="initially" classname="org.jitsi.jibri.util.TailLogicTest" time="0.002"/>
  <testcase name="should equal that line" classname="org.jitsi.jibri.util.TailLogicTest" time="0.002"/>
  <testcase name="after writing once" classname="org.jitsi.jibri.util.TailLogicTest" time="0.003"/>
  <testcase name="should equal the most recent line" classname="org.jitsi.jibri.util.TailLogicTest" time="0.002"/>
  <testcase name="after writing multiple times" classname="org.jitsi.jibri.util.TailLogicTest" time="0.003"/>
  <testcase name="mostRecentLine" classname="org.jitsi.jibri.util.TailLogicTest" time="0.003"/>
</testsuite>